2023-09-07 10:45:12,675 [Worker-4: Loading available Gradle versions] INFO  o.e.b.c.i.u.g.PublishedGradleVersions - Gradle version information cache is up-to-date. Trying to read.
2023-09-07 10:54:39,161 [Worker-4: Creating maven-archetype-quickstart] INFO  o.e.m.c.i.p.ProjectConfigurationManager - Collecting project info '/pom.xml' E:\Softwares\AneesJavaCourse\JavaProject\pom.xml
2023-09-07 10:54:47,229 [Worker-4: Creating maven-archetype-quickstart] INFO  o.e.m.c.i.l.LifecycleMappingFactory - Using org.eclipse.m2e.jdt.JarLifecycleMapping lifecycle mapping for MavenProject: JavaPractiveConcept:JavaProject:0.0.1-SNAPSHOT @ E:\Softwares\AneesJavaCourse\JavaProject\pom.xml.
2023-09-07 10:54:49,116 [Worker-4: Creating maven-archetype-quickstart] INFO  o.e.m.j.i.AbstractJavaProjectConfigurator - Adding source folder /JavaProject/src/main/java
2023-09-07 10:54:49,167 [Worker-4: Creating maven-archetype-quickstart] INFO  o.e.m.j.i.AbstractJavaProjectConfigurator - Adding source folder /JavaProject/src/test/java
2023-09-07 10:54:49,877 [Worker-4: Creating maven-archetype-quickstart] INFO  o.e.m.c.i.p.ProjectConfigurationManager - Imported and configured 1 project(s) in 10 sec
2023-09-07 10:54:51,151 [Worker-13: Building] INFO  o.e.m.c.i.embedder.EclipseLogger - Using 'UTF-8' encoding to copy filtered resources.
2023-09-07 10:54:51,152 [Worker-13: Building] INFO  o.e.m.c.i.embedder.EclipseLogger - skip non existing resourceDirectory E:\Softwares\AneesJavaCourse\JavaProject\src\main\resources
2023-09-07 10:54:51,155 [Worker-13: Building] INFO  o.e.m.c.i.embedder.EclipseLogger - Using 'UTF-8' encoding to copy filtered resources.
2023-09-07 10:54:51,155 [Worker-13: Building] INFO  o.e.m.c.i.embedder.EclipseLogger - skip non existing resourceDirectory E:\Softwares\AneesJavaCourse\JavaProject\src\test\resources
2023-09-07 11:02:57,207 [Worker-13: Building] INFO  o.e.m.c.i.embedder.EclipseLogger - Using 'UTF-8' encoding to copy filtered resources.
2023-09-07 11:02:57,208 [Worker-13: Building] INFO  o.e.m.c.i.embedder.EclipseLogger - skip non existing resourceDirectory E:\Softwares\AneesJavaCourse\JavaProject\src\main\resources
2023-09-07 11:02:57,210 [Worker-13: Building] INFO  o.e.m.c.i.embedder.EclipseLogger - Using 'UTF-8' encoding to copy filtered resources.
2023-09-07 11:02:57,211 [Worker-13: Building] INFO  o.e.m.c.i.embedder.EclipseLogger - skip non existing resourceDirectory E:\Softwares\AneesJavaCourse\JavaProject\src\test\resources
2023-09-07 11:03:33,557 [Worker-11: Building] INFO  o.e.m.c.i.embedder.EclipseLogger - Using 'UTF-8' encoding to copy filtered resources.
2023-09-07 11:03:33,558 [Worker-11: Building] INFO  o.e.m.c.i.embedder.EclipseLogger - skip non existing resourceDirectory E:\Softwares\AneesJavaCourse\JavaProject\src\main\resources
2023-09-07 11:03:33,568 [Worker-11: Building] INFO  o.e.m.c.i.embedder.EclipseLogger - Using 'UTF-8' encoding to copy filtered resources.
2023-09-07 11:03:33,569 [Worker-11: Building] INFO  o.e.m.c.i.embedder.EclipseLogger - skip non existing resourceDirectory E:\Softwares\AneesJavaCourse\JavaProject\src\test\resources
2023-09-07 11:03:50,145 [Worker-13: Building] INFO  o.e.m.c.i.embedder.EclipseLogger - Using 'UTF-8' encoding to copy filtered resources.
2023-09-07 11:03:50,146 [Worker-13: Building] INFO  o.e.m.c.i.embedder.EclipseLogger - skip non existing resourceDirectory E:\Softwares\AneesJavaCourse\JavaProject\src\main\resources
2023-09-07 11:03:50,149 [Worker-13: Building] INFO  o.e.m.c.i.embedder.EclipseLogger - Using 'UTF-8' encoding to copy filtered resources.
2023-09-07 11:03:50,150 [Worker-13: Building] INFO  o.e.m.c.i.embedder.EclipseLogger - skip non existing resourceDirectory E:\Softwares\AneesJavaCourse\JavaProject\src\test\resources
2023-09-07 11:03:51,168 [Worker-13: Building] INFO  o.e.m.c.i.embedder.EclipseLogger - Using 'UTF-8' encoding to copy filtered resources.
2023-09-07 11:03:51,168 [Worker-13: Building] INFO  o.e.m.c.i.embedder.EclipseLogger - skip non existing resourceDirectory E:\Softwares\AneesJavaCourse\JavaProject\src\main\resources
2023-09-07 11:03:51,171 [Worker-13: Building] INFO  o.e.m.c.i.embedder.EclipseLogger - Using 'UTF-8' encoding to copy filtered resources.
2023-09-07 11:03:51,171 [Worker-13: Building] INFO  o.e.m.c.i.embedder.EclipseLogger - skip non existing resourceDirectory E:\Softwares\AneesJavaCourse\JavaProject\src\test\resources
2023-09-07 11:17:03,488 [Worker-22: Building] INFO  o.e.m.c.i.embedder.EclipseLogger - Using 'UTF-8' encoding to copy filtered resources.
2023-09-07 11:17:03,488 [Worker-22: Building] INFO  o.e.m.c.i.embedder.EclipseLogger - skip non existing resourceDirectory E:\Softwares\AneesJavaCourse\JavaProject\src\main\resources
2023-09-07 11:17:03,490 [Worker-22: Building] INFO  o.e.m.c.i.embedder.EclipseLogger - Using 'UTF-8' encoding to copy filtered resources.
2023-09-07 11:17:03,490 [Worker-22: Building] INFO  o.e.m.c.i.embedder.EclipseLogger - skip non existing resourceDirectory E:\Softwares\AneesJavaCourse\JavaProject\src\test\resources
2023-09-07 11:34:54,180 [Worker-24: Building] INFO  o.e.m.c.i.embedder.EclipseLogger - Using 'UTF-8' encoding to copy filtered resources.
2023-09-07 11:34:54,181 [Worker-24: Building] INFO  o.e.m.c.i.embedder.EclipseLogger - skip non existing resourceDirectory E:\Softwares\AneesJavaCourse\JavaProject\src\main\resources
2023-09-07 11:34:54,183 [Worker-24: Building] INFO  o.e.m.c.i.embedder.EclipseLogger - Using 'UTF-8' encoding to copy filtered resources.
2023-09-07 11:34:54,183 [Worker-24: Building] INFO  o.e.m.c.i.embedder.EclipseLogger - skip non existing resourceDirectory E:\Softwares\AneesJavaCourse\JavaProject\src\test\resources
2023-09-07 11:36:04,999 [Worker-26: Launching JavaBasics] INFO  o.e.m.c.i.embedder.EclipseLogger - Using 'UTF-8' encoding to copy filtered resources.
2023-09-07 11:36:04,999 [Worker-26: Launching JavaBasics] INFO  o.e.m.c.i.embedder.EclipseLogger - skip non existing resourceDirectory E:\Softwares\AneesJavaCourse\JavaProject\src\main\resources
2023-09-07 11:36:05,007 [Worker-26: Launching JavaBasics] INFO  o.e.m.c.i.embedder.EclipseLogger - Using 'UTF-8' encoding to copy filtered resources.
2023-09-07 11:36:05,008 [Worker-26: Launching JavaBasics] INFO  o.e.m.c.i.embedder.EclipseLogger - skip non existing resourceDirectory E:\Softwares\AneesJavaCourse\JavaProject\src\test\resources
2023-09-07 11:36:28,838 [Worker-11: Launching JavaBasics] INFO  o.e.m.c.i.embedder.EclipseLogger - Using 'UTF-8' encoding to copy filtered resources.
2023-09-07 11:36:28,838 [Worker-11: Launching JavaBasics] INFO  o.e.m.c.i.embedder.EclipseLogger - skip non existing resourceDirectory E:\Softwares\AneesJavaCourse\JavaProject\src\main\resources
2023-09-07 11:36:28,841 [Worker-11: Launching JavaBasics] INFO  o.e.m.c.i.embedder.EclipseLogger - Using 'UTF-8' encoding to copy filtered resources.
2023-09-07 11:36:28,841 [Worker-11: Launching JavaBasics] INFO  o.e.m.c.i.embedder.EclipseLogger - skip non existing resourceDirectory E:\Softwares\AneesJavaCourse\JavaProject\src\test\resources
2023-09-07 11:37:15,655 [Worker-24: Launching JavaBasics] INFO  o.e.m.c.i.embedder.EclipseLogger - Using 'UTF-8' encoding to copy filtered resources.
2023-09-07 11:37:15,655 [Worker-24: Launching JavaBasics] INFO  o.e.m.c.i.embedder.EclipseLogger - skip non existing resourceDirectory E:\Softwares\AneesJavaCourse\JavaProject\src\main\resources
2023-09-07 11:37:15,658 [Worker-24: Launching JavaBasics] INFO  o.e.m.c.i.embedder.EclipseLogger - Using 'UTF-8' encoding to copy filtered resources.
2023-09-07 11:37:15,659 [Worker-24: Launching JavaBasics] INFO  o.e.m.c.i.embedder.EclipseLogger - skip non existing resourceDirectory E:\Softwares\AneesJavaCourse\JavaProject\src\test\resources
2023-09-07 11:38:29,382 [Worker-20: Building] INFO  o.e.m.c.i.embedder.EclipseLogger - Using 'UTF-8' encoding to copy filtered resources.
2023-09-07 11:38:29,383 [Worker-20: Building] INFO  o.e.m.c.i.embedder.EclipseLogger - skip non existing resourceDirectory E:\Softwares\AneesJavaCourse\JavaProject\src\main\resources
2023-09-07 11:38:29,385 [Worker-20: Building] INFO  o.e.m.c.i.embedder.EclipseLogger - Using 'UTF-8' encoding to copy filtered resources.
2023-09-07 11:38:29,385 [Worker-20: Building] INFO  o.e.m.c.i.embedder.EclipseLogger - skip non existing resourceDirectory E:\Softwares\AneesJavaCourse\JavaProject\src\test\resources
2023-09-07 11:39:28,442 [Worker-26: Building] INFO  o.e.m.c.i.embedder.EclipseLogger - Using 'UTF-8' encoding to copy filtered resources.
2023-09-07 11:39:28,442 [Worker-26: Building] INFO  o.e.m.c.i.embedder.EclipseLogger - skip non existing resourceDirectory E:\Softwares\AneesJavaCourse\JavaProject\src\main\resources
2023-09-07 11:39:28,444 [Worker-26: Building] INFO  o.e.m.c.i.embedder.EclipseLogger - Using 'UTF-8' encoding to copy filtered resources.
2023-09-07 11:39:28,445 [Worker-26: Building] INFO  o.e.m.c.i.embedder.EclipseLogger - skip non existing resourceDirectory E:\Softwares\AneesJavaCourse\JavaProject\src\test\resources
2023-09-07 11:42:08,194 [Worker-28: Launching JavaBasics] INFO  o.e.m.c.i.embedder.EclipseLogger - Using 'UTF-8' encoding to copy filtered resources.
2023-09-07 11:42:08,197 [Worker-28: Launching JavaBasics] INFO  o.e.m.c.i.embedder.EclipseLogger - skip non existing resourceDirectory E:\Softwares\AneesJavaCourse\JavaProject\src\main\resources
2023-09-07 11:42:08,200 [Worker-28: Launching JavaBasics] INFO  o.e.m.c.i.embedder.EclipseLogger - Using 'UTF-8' encoding to copy filtered resources.
2023-09-07 11:42:08,200 [Worker-28: Launching JavaBasics] INFO  o.e.m.c.i.embedder.EclipseLogger - skip non existing resourceDirectory E:\Softwares\AneesJavaCourse\JavaProject\src\test\resources
2023-09-07 11:42:30,955 [Worker-28: Launching JavaBasics] INFO  o.e.m.c.i.embedder.EclipseLogger - Using 'UTF-8' encoding to copy filtered resources.
2023-09-07 11:42:30,955 [Worker-28: Launching JavaBasics] INFO  o.e.m.c.i.embedder.EclipseLogger - skip non existing resourceDirectory E:\Softwares\AneesJavaCourse\JavaProject\src\main\resources
2023-09-07 11:42:30,957 [Worker-28: Launching JavaBasics] INFO  o.e.m.c.i.embedder.EclipseLogger - Using 'UTF-8' encoding to copy filtered resources.
2023-09-07 11:42:30,958 [Worker-28: Launching JavaBasics] INFO  o.e.m.c.i.embedder.EclipseLogger - skip non existing resourceDirectory E:\Softwares\AneesJavaCourse\JavaProject\src\test\resources
2023-09-07 11:43:23,187 [Worker-29: Launching JavaBasics] INFO  o.e.m.c.i.embedder.EclipseLogger - Using 'UTF-8' encoding to copy filtered resources.
2023-09-07 11:43:23,187 [Worker-29: Launching JavaBasics] INFO  o.e.m.c.i.embedder.EclipseLogger - skip non existing resourceDirectory E:\Softwares\AneesJavaCourse\JavaProject\src\main\resources
2023-09-07 11:43:23,190 [Worker-29: Launching JavaBasics] INFO  o.e.m.c.i.embedder.EclipseLogger - Using 'UTF-8' encoding to copy filtered resources.
2023-09-07 11:43:23,190 [Worker-29: Launching JavaBasics] INFO  o.e.m.c.i.embedder.EclipseLogger - skip non existing resourceDirectory E:\Softwares\AneesJavaCourse\JavaProject\src\test\resources
2023-09-07 11:43:57,126 [Worker-29: Launching JavaBasics] INFO  o.e.m.c.i.embedder.EclipseLogger - Using 'UTF-8' encoding to copy filtered resources.
2023-09-07 11:43:57,126 [Worker-29: Launching JavaBasics] INFO  o.e.m.c.i.embedder.EclipseLogger - skip non existing resourceDirectory E:\Softwares\AneesJavaCourse\JavaProject\src\main\resources
2023-09-07 11:43:57,130 [Worker-29: Launching JavaBasics] INFO  o.e.m.c.i.embedder.EclipseLogger - Using 'UTF-8' encoding to copy filtered resources.
2023-09-07 11:43:57,131 [Worker-29: Launching JavaBasics] INFO  o.e.m.c.i.embedder.EclipseLogger - skip non existing resourceDirectory E:\Softwares\AneesJavaCourse\JavaProject\src\test\resources
2023-09-07 11:44:50,092 [Worker-29: Launching JavaBasics] INFO  o.e.m.c.i.embedder.EclipseLogger - Using 'UTF-8' encoding to copy filtered resources.
2023-09-07 11:44:50,092 [Worker-29: Launching JavaBasics] INFO  o.e.m.c.i.embedder.EclipseLogger - skip non existing resourceDirectory E:\Softwares\AneesJavaCourse\JavaProject\src\main\resources
2023-09-07 11:44:50,096 [Worker-29: Launching JavaBasics] INFO  o.e.m.c.i.embedder.EclipseLogger - Using 'UTF-8' encoding to copy filtered resources.
2023-09-07 11:44:50,098 [Worker-29: Launching JavaBasics] INFO  o.e.m.c.i.embedder.EclipseLogger - skip non existing resourceDirectory E:\Softwares\AneesJavaCourse\JavaProject\src\test\resources
2023-09-07 11:46:23,103 [Worker-29: Launching JavaBasics] INFO  o.e.m.c.i.embedder.EclipseLogger - Using 'UTF-8' encoding to copy filtered resources.
2023-09-07 11:46:23,104 [Worker-29: Launching JavaBasics] INFO  o.e.m.c.i.embedder.EclipseLogger - skip non existing resourceDirectory E:\Softwares\AneesJavaCourse\JavaProject\src\main\resources
2023-09-07 11:46:23,105 [Worker-29: Launching JavaBasics] INFO  o.e.m.c.i.embedder.EclipseLogger - Using 'UTF-8' encoding to copy filtered resources.
2023-09-07 11:46:23,106 [Worker-29: Launching JavaBasics] INFO  o.e.m.c.i.embedder.EclipseLogger - skip non existing resourceDirectory E:\Softwares\AneesJavaCourse\JavaProject\src\test\resources
2023-09-07 11:46:38,307 [Worker-29: Launching JavaBasics] INFO  o.e.m.c.i.embedder.EclipseLogger - Using 'UTF-8' encoding to copy filtered resources.
2023-09-07 11:46:38,307 [Worker-29: Launching JavaBasics] INFO  o.e.m.c.i.embedder.EclipseLogger - skip non existing resourceDirectory E:\Softwares\AneesJavaCourse\JavaProject\src\main\resources
2023-09-07 11:46:38,309 [Worker-29: Launching JavaBasics] INFO  o.e.m.c.i.embedder.EclipseLogger - Using 'UTF-8' encoding to copy filtered resources.
2023-09-07 11:46:38,310 [Worker-29: Launching JavaBasics] INFO  o.e.m.c.i.embedder.EclipseLogger - skip non existing resourceDirectory E:\Softwares\AneesJavaCourse\JavaProject\src\test\resources
2023-09-07 11:47:06,484 [Worker-11: Building] INFO  o.e.m.c.i.embedder.EclipseLogger - Using 'UTF-8' encoding to copy filtered resources.
2023-09-07 11:47:06,484 [Worker-11: Building] INFO  o.e.m.c.i.embedder.EclipseLogger - skip non existing resourceDirectory E:\Softwares\AneesJavaCourse\JavaProject\src\main\resources
2023-09-07 11:47:06,486 [Worker-11: Building] INFO  o.e.m.c.i.embedder.EclipseLogger - Using 'UTF-8' encoding to copy filtered resources.
2023-09-07 11:47:06,486 [Worker-11: Building] INFO  o.e.m.c.i.embedder.EclipseLogger - skip non existing resourceDirectory E:\Softwares\AneesJavaCourse\JavaProject\src\test\resources
2023-09-07 11:48:05,889 [Worker-11: Launching JavaBasics] INFO  o.e.m.c.i.embedder.EclipseLogger - Using 'UTF-8' encoding to copy filtered resources.
2023-09-07 11:48:05,890 [Worker-11: Launching JavaBasics] INFO  o.e.m.c.i.embedder.EclipseLogger - skip non existing resourceDirectory E:\Softwares\AneesJavaCourse\JavaProject\src\main\resources
2023-09-07 11:48:05,891 [Worker-11: Launching JavaBasics] INFO  o.e.m.c.i.embedder.EclipseLogger - Using 'UTF-8' encoding to copy filtered resources.
2023-09-07 11:48:05,891 [Worker-11: Launching JavaBasics] INFO  o.e.m.c.i.embedder.EclipseLogger - skip non existing resourceDirectory E:\Softwares\AneesJavaCourse\JavaProject\src\test\resources
2023-09-07 11:50:16,519 [Worker-29: Launching JavaBasics] INFO  o.e.m.c.i.embedder.EclipseLogger - Using 'UTF-8' encoding to copy filtered resources.
2023-09-07 11:50:16,519 [Worker-29: Launching JavaBasics] INFO  o.e.m.c.i.embedder.EclipseLogger - skip non existing resourceDirectory E:\Softwares\AneesJavaCourse\JavaProject\src\main\resources
2023-09-07 11:50:16,521 [Worker-29: Launching JavaBasics] INFO  o.e.m.c.i.embedder.EclipseLogger - Using 'UTF-8' encoding to copy filtered resources.
2023-09-07 11:50:16,521 [Worker-29: Launching JavaBasics] INFO  o.e.m.c.i.embedder.EclipseLogger - skip non existing resourceDirectory E:\Softwares\AneesJavaCourse\JavaProject\src\test\resources
2023-09-07 11:54:29,861 [Worker-29: Launching JavaBasics] INFO  o.e.m.c.i.embedder.EclipseLogger - Using 'UTF-8' encoding to copy filtered resources.
2023-09-07 11:54:29,862 [Worker-29: Launching JavaBasics] INFO  o.e.m.c.i.embedder.EclipseLogger - skip non existing resourceDirectory E:\Softwares\AneesJavaCourse\JavaProject\src\main\resources
2023-09-07 11:54:29,863 [Worker-29: Launching JavaBasics] INFO  o.e.m.c.i.embedder.EclipseLogger - Using 'UTF-8' encoding to copy filtered resources.
2023-09-07 11:54:29,864 [Worker-29: Launching JavaBasics] INFO  o.e.m.c.i.embedder.EclipseLogger - skip non existing resourceDirectory E:\Softwares\AneesJavaCourse\JavaProject\src\test\resources
2023-09-07 11:57:43,739 [Worker-11: Launching JavaBasics] INFO  o.e.m.c.i.embedder.EclipseLogger - Using 'UTF-8' encoding to copy filtered resources.
2023-09-07 11:57:43,739 [Worker-11: Launching JavaBasics] INFO  o.e.m.c.i.embedder.EclipseLogger - skip non existing resourceDirectory E:\Softwares\AneesJavaCourse\JavaProject\src\main\resources
2023-09-07 11:57:43,742 [Worker-11: Launching JavaBasics] INFO  o.e.m.c.i.embedder.EclipseLogger - Using 'UTF-8' encoding to copy filtered resources.
2023-09-07 11:57:43,743 [Worker-11: Launching JavaBasics] INFO  o.e.m.c.i.embedder.EclipseLogger - skip non existing resourceDirectory E:\Softwares\AneesJavaCourse\JavaProject\src\test\resources
2023-09-07 11:57:56,769 [Worker-31: Launching JavaBasics] INFO  o.e.m.c.i.embedder.EclipseLogger - Using 'UTF-8' encoding to copy filtered resources.
2023-09-07 11:57:56,769 [Worker-31: Launching JavaBasics] INFO  o.e.m.c.i.embedder.EclipseLogger - skip non existing resourceDirectory E:\Softwares\AneesJavaCourse\JavaProject\src\main\resources
2023-09-07 11:57:56,770 [Worker-31: Launching JavaBasics] INFO  o.e.m.c.i.embedder.EclipseLogger - Using 'UTF-8' encoding to copy filtered resources.
2023-09-07 11:57:56,771 [Worker-31: Launching JavaBasics] INFO  o.e.m.c.i.embedder.EclipseLogger - skip non existing resourceDirectory E:\Softwares\AneesJavaCourse\JavaProject\src\test\resources
2023-09-07 11:58:44,828 [Worker-31: Launching JavaBasics] INFO  o.e.m.c.i.embedder.EclipseLogger - Using 'UTF-8' encoding to copy filtered resources.
2023-09-07 11:58:44,829 [Worker-31: Launching JavaBasics] INFO  o.e.m.c.i.embedder.EclipseLogger - skip non existing resourceDirectory E:\Softwares\AneesJavaCourse\JavaProject\src\main\resources
2023-09-07 11:58:44,830 [Worker-31: Launching JavaBasics] INFO  o.e.m.c.i.embedder.EclipseLogger - Using 'UTF-8' encoding to copy filtered resources.
2023-09-07 11:58:44,831 [Worker-31: Launching JavaBasics] INFO  o.e.m.c.i.embedder.EclipseLogger - skip non existing resourceDirectory E:\Softwares\AneesJavaCourse\JavaProject\src\test\resources
2023-09-07 11:59:20,602 [Worker-35: Building] INFO  o.e.m.c.i.embedder.EclipseLogger - Using 'UTF-8' encoding to copy filtered resources.
2023-09-07 11:59:20,602 [Worker-35: Building] INFO  o.e.m.c.i.embedder.EclipseLogger - skip non existing resourceDirectory E:\Softwares\AneesJavaCourse\JavaProject\src\main\resources
2023-09-07 11:59:20,604 [Worker-35: Building] INFO  o.e.m.c.i.embedder.EclipseLogger - Using 'UTF-8' encoding to copy filtered resources.
2023-09-07 11:59:20,605 [Worker-35: Building] INFO  o.e.m.c.i.embedder.EclipseLogger - skip non existing resourceDirectory E:\Softwares\AneesJavaCourse\JavaProject\src\test\resources
2023-09-07 12:12:43,388 [Worker-37: Launching Addition] INFO  o.e.m.c.i.embedder.EclipseLogger - Using 'UTF-8' encoding to copy filtered resources.
2023-09-07 12:12:43,389 [Worker-37: Launching Addition] INFO  o.e.m.c.i.embedder.EclipseLogger - skip non existing resourceDirectory E:\Softwares\AneesJavaCourse\JavaProject\src\main\resources
2023-09-07 12:12:43,390 [Worker-37: Launching Addition] INFO  o.e.m.c.i.embedder.EclipseLogger - Using 'UTF-8' encoding to copy filtered resources.
2023-09-07 12:12:43,391 [Worker-37: Launching Addition] INFO  o.e.m.c.i.embedder.EclipseLogger - skip non existing resourceDirectory E:\Softwares\AneesJavaCourse\JavaProject\src\test\resources
2023-09-07 12:15:18,633 [Worker-36: Launching Addition] INFO  o.e.m.c.i.embedder.EclipseLogger - Using 'UTF-8' encoding to copy filtered resources.
2023-09-07 12:15:18,634 [Worker-36: Launching Addition] INFO  o.e.m.c.i.embedder.EclipseLogger - skip non existing resourceDirectory E:\Softwares\AneesJavaCourse\JavaProject\src\main\resources
2023-09-07 12:15:18,635 [Worker-36: Launching Addition] INFO  o.e.m.c.i.embedder.EclipseLogger - Using 'UTF-8' encoding to copy filtered resources.
2023-09-07 12:15:18,636 [Worker-36: Launching Addition] INFO  o.e.m.c.i.embedder.EclipseLogger - skip non existing resourceDirectory E:\Softwares\AneesJavaCourse\JavaProject\src\test\resources
2023-09-07 12:15:42,106 [Worker-39: Launching Addition] INFO  o.e.m.c.i.embedder.EclipseLogger - Using 'UTF-8' encoding to copy filtered resources.
2023-09-07 12:15:42,106 [Worker-39: Launching Addition] INFO  o.e.m.c.i.embedder.EclipseLogger - skip non existing resourceDirectory E:\Softwares\AneesJavaCourse\JavaProject\src\main\resources
2023-09-07 12:15:42,108 [Worker-39: Launching Addition] INFO  o.e.m.c.i.embedder.EclipseLogger - Using 'UTF-8' encoding to copy filtered resources.
2023-09-07 12:15:42,108 [Worker-39: Launching Addition] INFO  o.e.m.c.i.embedder.EclipseLogger - skip non existing resourceDirectory E:\Softwares\AneesJavaCourse\JavaProject\src\test\resources
2023-09-07 12:17:11,869 [Worker-36: Launching Addition] INFO  o.e.m.c.i.embedder.EclipseLogger - Using 'UTF-8' encoding to copy filtered resources.
2023-09-07 12:17:11,869 [Worker-36: Launching Addition] INFO  o.e.m.c.i.embedder.EclipseLogger - skip non existing resourceDirectory E:\Softwares\AneesJavaCourse\JavaProject\src\main\resources
2023-09-07 12:17:11,870 [Worker-36: Launching Addition] INFO  o.e.m.c.i.embedder.EclipseLogger - Using 'UTF-8' encoding to copy filtered resources.
2023-09-07 12:17:11,870 [Worker-36: Launching Addition] INFO  o.e.m.c.i.embedder.EclipseLogger - skip non existing resourceDirectory E:\Softwares\AneesJavaCourse\JavaProject\src\test\resources
2023-09-07 12:17:24,131 [Worker-41: Building] INFO  o.e.m.c.i.embedder.EclipseLogger - Using 'UTF-8' encoding to copy filtered resources.
2023-09-07 12:17:24,132 [Worker-41: Building] INFO  o.e.m.c.i.embedder.EclipseLogger - skip non existing resourceDirectory E:\Softwares\AneesJavaCourse\JavaProject\src\main\resources
2023-09-07 12:17:24,137 [Worker-41: Building] INFO  o.e.m.c.i.embedder.EclipseLogger - Using 'UTF-8' encoding to copy filtered resources.
2023-09-07 12:17:24,137 [Worker-41: Building] INFO  o.e.m.c.i.embedder.EclipseLogger - skip non existing resourceDirectory E:\Softwares\AneesJavaCourse\JavaProject\src\test\resources
2023-09-07 12:19:43,461 [Worker-36: Launching JavaBasics] INFO  o.e.m.c.i.embedder.EclipseLogger - Using 'UTF-8' encoding to copy filtered resources.
2023-09-07 12:19:43,461 [Worker-36: Launching JavaBasics] INFO  o.e.m.c.i.embedder.EclipseLogger - skip non existing resourceDirectory E:\Softwares\AneesJavaCourse\JavaProject\src\main\resources
2023-09-07 12:19:43,462 [Worker-36: Launching JavaBasics] INFO  o.e.m.c.i.embedder.EclipseLogger - Using 'UTF-8' encoding to copy filtered resources.
2023-09-07 12:19:43,462 [Worker-36: Launching JavaBasics] INFO  o.e.m.c.i.embedder.EclipseLogger - skip non existing resourceDirectory E:\Softwares\AneesJavaCourse\JavaProject\src\test\resources
2023-09-07 12:20:39,610 [Worker-46: Building] INFO  o.e.m.c.i.embedder.EclipseLogger - Using 'UTF-8' encoding to copy filtered resources.
2023-09-07 12:20:39,611 [Worker-46: Building] INFO  o.e.m.c.i.embedder.EclipseLogger - skip non existing resourceDirectory E:\Softwares\AneesJavaCourse\JavaProject\src\main\resources
2023-09-07 12:20:39,613 [Worker-46: Building] INFO  o.e.m.c.i.embedder.EclipseLogger - Using 'UTF-8' encoding to copy filtered resources.
2023-09-07 12:20:39,613 [Worker-46: Building] INFO  o.e.m.c.i.embedder.EclipseLogger - skip non existing resourceDirectory E:\Softwares\AneesJavaCourse\JavaProject\src\test\resources
2023-09-07 12:20:59,379 [Worker-38: Building] INFO  o.e.m.c.i.embedder.EclipseLogger - Using 'UTF-8' encoding to copy filtered resources.
2023-09-07 12:20:59,380 [Worker-38: Building] INFO  o.e.m.c.i.embedder.EclipseLogger - skip non existing resourceDirectory E:\Softwares\AneesJavaCourse\JavaProject\src\main\resources
2023-09-07 12:20:59,381 [Worker-38: Building] INFO  o.e.m.c.i.embedder.EclipseLogger - Using 'UTF-8' encoding to copy filtered resources.
2023-09-07 12:20:59,381 [Worker-38: Building] INFO  o.e.m.c.i.embedder.EclipseLogger - skip non existing resourceDirectory E:\Softwares\AneesJavaCourse\JavaProject\src\test\resources
2023-09-07 12:21:34,584 [Worker-36: Building] INFO  o.e.m.c.i.embedder.EclipseLogger - Using 'UTF-8' encoding to copy filtered resources.
2023-09-07 12:21:34,584 [Worker-36: Building] INFO  o.e.m.c.i.embedder.EclipseLogger - skip non existing resourceDirectory E:\Softwares\AneesJavaCourse\JavaProject\src\main\resources
2023-09-07 12:21:34,585 [Worker-36: Building] INFO  o.e.m.c.i.embedder.EclipseLogger - Using 'UTF-8' encoding to copy filtered resources.
2023-09-07 12:21:34,586 [Worker-36: Building] INFO  o.e.m.c.i.embedder.EclipseLogger - skip non existing resourceDirectory E:\Softwares\AneesJavaCourse\JavaProject\src\test\resources
2023-09-07 12:21:54,479 [Worker-46: Building] INFO  o.e.m.c.i.embedder.EclipseLogger - Using 'UTF-8' encoding to copy filtered resources.
2023-09-07 12:21:54,479 [Worker-46: Building] INFO  o.e.m.c.i.embedder.EclipseLogger - skip non existing resourceDirectory E:\Softwares\AneesJavaCourse\JavaProject\src\main\resources
2023-09-07 12:21:54,481 [Worker-46: Building] INFO  o.e.m.c.i.embedder.EclipseLogger - Using 'UTF-8' encoding to copy filtered resources.
2023-09-07 12:21:54,481 [Worker-46: Building] INFO  o.e.m.c.i.embedder.EclipseLogger - skip non existing resourceDirectory E:\Softwares\AneesJavaCourse\JavaProject\src\test\resources
2023-09-07 12:25:29,525 [Worker-38: Launching BaseJava] INFO  o.e.m.c.i.embedder.EclipseLogger - Using 'UTF-8' encoding to copy filtered resources.
2023-09-07 12:25:29,526 [Worker-38: Launching BaseJava] INFO  o.e.m.c.i.embedder.EclipseLogger - skip non existing resourceDirectory E:\Softwares\AneesJavaCourse\JavaProject\src\main\resources
2023-09-07 12:25:29,527 [Worker-38: Launching BaseJava] INFO  o.e.m.c.i.embedder.EclipseLogger - Using 'UTF-8' encoding to copy filtered resources.
2023-09-07 12:25:29,528 [Worker-38: Launching BaseJava] INFO  o.e.m.c.i.embedder.EclipseLogger - skip non existing resourceDirectory E:\Softwares\AneesJavaCourse\JavaProject\src\test\resources
2023-09-07 12:27:03,370 [Worker-45: Building] INFO  o.e.m.c.i.embedder.EclipseLogger - Using 'UTF-8' encoding to copy filtered resources.
2023-09-07 12:27:03,370 [Worker-45: Building] INFO  o.e.m.c.i.embedder.EclipseLogger - skip non existing resourceDirectory E:\Softwares\AneesJavaCourse\JavaProject\src\main\resources
2023-09-07 12:27:03,374 [Worker-45: Building] INFO  o.e.m.c.i.embedder.EclipseLogger - Using 'UTF-8' encoding to copy filtered resources.
2023-09-07 12:27:03,374 [Worker-45: Building] INFO  o.e.m.c.i.embedder.EclipseLogger - skip non existing resourceDirectory E:\Softwares\AneesJavaCourse\JavaProject\src\test\resources
2023-09-07 12:27:42,632 [Worker-48: Building] INFO  o.e.m.c.i.embedder.EclipseLogger - Using 'UTF-8' encoding to copy filtered resources.
2023-09-07 12:27:42,632 [Worker-48: Building] INFO  o.e.m.c.i.embedder.EclipseLogger - skip non existing resourceDirectory E:\Softwares\AneesJavaCourse\JavaProject\src\main\resources
2023-09-07 12:27:42,633 [Worker-48: Building] INFO  o.e.m.c.i.embedder.EclipseLogger - Using 'UTF-8' encoding to copy filtered resources.
2023-09-07 12:27:42,633 [Worker-48: Building] INFO  o.e.m.c.i.embedder.EclipseLogger - skip non existing resourceDirectory E:\Softwares\AneesJavaCourse\JavaProject\src\test\resources
2023-09-07 12:28:48,892 [Worker-50: Building] INFO  o.e.m.c.i.embedder.EclipseLogger - Using 'UTF-8' encoding to copy filtered resources.
2023-09-07 12:28:48,893 [Worker-50: Building] INFO  o.e.m.c.i.embedder.EclipseLogger - skip non existing resourceDirectory E:\Softwares\AneesJavaCourse\JavaProject\src\main\resources
2023-09-07 12:28:48,894 [Worker-50: Building] INFO  o.e.m.c.i.embedder.EclipseLogger - Using 'UTF-8' encoding to copy filtered resources.
2023-09-07 12:28:48,894 [Worker-50: Building] INFO  o.e.m.c.i.embedder.EclipseLogger - skip non existing resourceDirectory E:\Softwares\AneesJavaCourse\JavaProject\src\test\resources
2023-09-07 12:31:10,902 [Worker-2: Loading available Gradle versions] INFO  o.e.b.c.i.u.g.PublishedGradleVersions - Gradle version information cache is up-to-date. Trying to read.
2023-09-07 12:31:52,709 [Worker-2: Building] INFO  o.e.m.c.i.l.LifecycleMappingFactory - Using org.eclipse.m2e.jdt.JarLifecycleMapping lifecycle mapping for MavenProject: JavaPractiveConcept:JavaProject:0.0.1-SNAPSHOT @ E:\Softwares\AneesJavaCourse\JavaProject\pom.xml.
2023-09-07 12:31:53,880 [Worker-2: Building] INFO  o.e.m.c.i.embedder.EclipseLogger - Using 'UTF-8' encoding to copy filtered resources.
2023-09-07 12:31:53,880 [Worker-2: Building] INFO  o.e.m.c.i.embedder.EclipseLogger - skip non existing resourceDirectory E:\Softwares\AneesJavaCourse\JavaProject\src\main\resources
2023-09-07 12:31:53,882 [Worker-2: Building] INFO  o.e.m.c.i.embedder.EclipseLogger - Using 'UTF-8' encoding to copy filtered resources.
2023-09-07 12:31:53,883 [Worker-2: Building] INFO  o.e.m.c.i.embedder.EclipseLogger - skip non existing resourceDirectory E:\Softwares\AneesJavaCourse\JavaProject\src\test\resources
